<?xml version="1.0" encoding="UTF-8"?>
<!-- Generated by org.testng.reporters.JUnitReportReporter -->
<testsuite hostname="DESKTOP-4IMJ5PC" failures="0" tests="2" name="test.PS1" time="0.032" errors="0" timestamp="2023-04-25T23:09:54 IST" skipped="0">
  <testcase classname="test.PS1" name="testRun" time="0.024"/>
  <system-out/>
  <testcase classname="test.PS1" name="toDO" time="0.008"/>
  <system-out/>
</testsuite> <!-- test.PS1 -->
