<?xml version="1.0" encoding="UTF-8"?>
<!-- Generated by org.testng.reporters.JUnitReportReporter -->
<testsuite hostname="DESKTOP-4IMJ5PC" failures="0" tests="1" name="test.day2" time="0.016" errors="0" timestamp="2023-04-25T17:04:36 IST" skipped="0">
  <testcase classname="test.day2" name="ploan" time="0.016"/>
  <system-out/>
</testsuite> <!-- test.day2 -->
