<?xml version="1.0" encoding="UTF-8"?>
<!-- Generated by org.testng.reporters.JUnitReportReporter -->
<testsuite hostname="DESKTOP-4IMJ5PC" failures="0" tests="7" name="test.day3" time="0.127" errors="0" timestamp="2023-04-25T17:04:36 IST" skipped="0">
  <testcase classname="test.day3" name="MobileSignoutCarLoan" time="0.014"/>
  <system-out/>
  <testcase classname="test.day3" name="LoginAPICarLoan" time="0.005"/>
  <system-out/>
  <testcase classname="test.day3" name="MobileSignoutCarLoan" time="0.034"/>
  <system-out/>
  <testcase classname="test.day3" name="WebLoginCarLoan" time="0.014"/>
  <system-out/>
  <testcase classname="test.day3" name="MobileSigninCarLoan" time="0.038"/>
  <system-out/>
  <testcase classname="test.day3" name="MobileLoginCarLoan" time="0.009"/>
  <system-out/>
  <testcase classname="test.day3" name="MobileSignoutCarLoan" time="0.013"/>
  <system-out/>
</testsuite> <!-- test.day3 -->
