<?xml version="1.0" encoding="UTF-8"?>
<!-- Generated by org.testng.reporters.JUnitReportReporter -->
<testsuite hostname="DESKTOP-4IMJ5PC" failures="0" tests="3" name="test.day4" time="0.044" errors="0" timestamp="2023-04-25T17:04:36 IST" skipped="0">
  <testcase classname="test.day4" name="WebLoginHomeLoan" time="0.001"/>
  <system-out/>
  <testcase classname="test.day4" name="MobileLoginHomeLoan" time="0.002"/>
  <system-out/>
  <testcase classname="test.day4" name="LoginAPIHomeLoan" time="0.041"/>
  <system-out/>
</testsuite> <!-- test.day4 -->
